#
# There is insufficient memory for the Java Runtime Environment to continue.
# Native memory allocation (malloc) failed to allocate 298896 bytes for Chunk::new
# Possible reasons:
#   The system is out of physical RAM or swap space
#   The process is running with CompressedOops enabled, and the Java Heap may be blocking the growth of the native heap
# Possible solutions:
#   Reduce memory load on the system
#   Increase physical memory or swap space
#   Check if swap backing store is full
#   Decrease Java heap size (-Xmx/-Xms)
#   Decrease number of Java threads
#   Decrease Java thread stack sizes (-Xss)
#   Set larger code cache with -XX:ReservedCodeCacheSize=
#   JVM is running with Unscaled Compressed Oops mode in which the Java heap is
#     placed in the first 4GB address space. The Java Heap base address is the
#     maximum limit for the native heap growth. Please use -XX:HeapBaseMinAddress
#     to set the Java Heap base and to place the Java Heap above 4GB virtual address.
# This output file may be truncated or incomplete.
#
#  Out of Memory Error (allocation.cpp:389), pid=1004, tid=0x00000000000017fc
#
# JRE version: Java(TM) SE Runtime Environment (8.0_211-b12) (build 1.8.0_211-b12)
# Java VM: Java HotSpot(TM) 64-Bit Server VM (25.211-b12 mixed mode windows-amd64 compressed oops)
# Failed to write core dump. Minidumps are not enabled by default on client versions of Windows
#

---------------  T H R E A D  ---------------

Current thread (0x0000000013620800):  JavaThread "C2 CompilerThread1" daemon [_thread_in_native, id=6140, stack(0x0000000014d80000,0x0000000014e80000)]

Stack: [0x0000000014d80000,0x0000000014e80000]
[error occurred during error reporting (printing stack bounds), id 0xc0000005]

Native frames: (J=compiled Java code, j=interpreted, Vv=VM code, C=native code)


Current CompileTask:
C2:   3915  546   !   4       sun.misc.URLClassPath$JarLoader::getResource (85 bytes)


---------------  P R O C E S S  ---------------

Java Threads: ( => current thread )
  0x0000000014e93800 JavaThread "Service Thread" daemon [_thread_blocked, id=4788, stack(0x0000000015380000,0x0000000015480000)]
  0x0000000014e88800 JavaThread "C1 CompilerThread2" daemon [_thread_blocked, id=4636, stack(0x0000000015280000,0x0000000015380000)]
=>0x0000000013620800 JavaThread "C2 CompilerThread1" daemon [_thread_in_native, id=6140, stack(0x0000000014d80000,0x0000000014e80000)]
  0x000000001361e800 JavaThread "C2 CompilerThread0" daemon [_thread_in_native, id=8292, stack(0x0000000014c80000,0x0000000014d80000)]
  0x000000001361b800 JavaThread "Attach Listener" daemon [_thread_blocked, id=4956, stack(0x0000000014b80000,0x0000000014c80000)]
  0x000000001362b000 JavaThread "Signal Dispatcher" daemon [_thread_blocked, id=6916, stack(0x0000000014a80000,0x0000000014b80000)]
  0x00000000032bc800 JavaThread "Finalizer" daemon [_thread_blocked, id=11116, stack(0x0000000014880000,0x0000000014980000)]
  0x000000001360a000 JavaThread "Reference Handler" daemon [_thread_blocked, id=10864, stack(0x0000000014780000,0x0000000014880000)]
  0x00000000031c2800 JavaThread "main" [_thread_in_vm, id=8628, stack(0x00000000030c0000,0x00000000031c0000)]

Other Threads:
  0x00000000135e8000 VMThread [stack: 0x0000000014680000,0x0000000014780000] [id=736]
  0x0000000014e9c800 WatcherThread [stack: 0x0000000015480000,0x0000000015580000] [id=2432]

VM state:not at safepoint (normal execution)

VM Mutex/Monitor currently owned by a thread: None

heap address: 0x00000000fc000000, size: 64 MB, Compressed Oops mode: 32-bit
Narrow klass base: 0x0000000000000000, Narrow klass shift: 3
Compressed class space size: 1073741824 Address: 0x0000000100000000

Heap:
 PSYoungGen      total 18944K, used 8863K [0x00000000feb00000, 0x0000000100000000, 0x0000000100000000)
  eden space 16384K, 38% used [0x00000000feb00000,0x00000000ff12d960,0x00000000ffb00000)
  from space 2560K, 99% used [0x00000000ffb00000,0x00000000ffd7a2d8,0x00000000ffd80000)
  to   space 2560K, 0% used [0x00000000ffd80000,0x00000000ffd80000,0x0000000100000000)
 ParOldGen       total 44032K, used 108K [0x00000000fc000000, 0x00000000feb00000, 0x00000000feb00000)
  object space 44032K, 0% used [0x00000000fc000000,0x00000000fc01b018,0x00000000feb00000)
 Metaspace       used 7004K, capacity 7208K, committed 7424K, reserved 1060864K
  class space    used 887K, capacity 980K, committed 1024K, reserved 1048576K

Card table byte_map: [0x0000000001460000,0x0000000001490000] byte_map_base: 0x0000000000c80000

Marking Bits: (ParMarkBitMap*) 0x0000000065485ce0
 Begin Bits: [0x0000000012a80000, 0x0000000012b80000)
 End Bits:   [0x0000000012b80000, 0x0000000012c80000)

Polling page: 0x0000000001420000

CodeCache: size=245760Kb used=2443Kb max_used=2443Kb free=243316Kb
 bounds [0x00000000032c0000, 0x0000000003530000, 0x00000000122c0000]
 total_blobs=865 nmethods=551 adapters=228
 compilation: enabled

Compilation events (10 events):
Event: 3.649 Thread 0x0000000014e88800  550       3       java.util.HashSet::<init> (16 bytes)
Event: 3.650 Thread 0x0000000014e88800 nmethod 550 0x000000000351c610 code [0x000000000351c7a0, 0x000000000351cbb0]
Event: 3.656 Thread 0x0000000014e88800  551       3       java.util.jar.JarFile::maybeInstantiateVerifier (96 bytes)
Event: 3.658 Thread 0x0000000014e88800 nmethod 551 0x000000000351b150 code [0x000000000351b380, 0x000000000351c028]
Event: 3.658 Thread 0x0000000014e88800  553       3       java.util.jar.JarFile::getManifest (5 bytes)
Event: 3.659 Thread 0x0000000014e88800 nmethod 553 0x0000000003515c90 code [0x0000000003515e00, 0x0000000003515f88]
Event: 3.659 Thread 0x0000000014e88800  552       3       java.lang.ClassLoader::compareCerts (149 bytes)
Event: 3.660 Thread 0x0000000014e88800 nmethod 552 0x000000000351a3d0 code [0x000000000351a5a0, 0x000000000351ae58]
Event: 3.661 Thread 0x0000000014e88800  554       3       java.util.jar.JarFile::getManifestFromReference (117 bytes)
Event: 3.663 Thread 0x0000000014e88800 nmethod 554 0x0000000003522510 code [0x0000000003522740, 0x00000000035233d8]

GC Heap History (2 events):
Event: 2.772 GC heap before
{Heap before GC invocations=1 (full 0):
 PSYoungGen      total 18944K, used 16384K [0x00000000feb00000, 0x0000000100000000, 0x0000000100000000)
  eden space 16384K, 100% used [0x00000000feb00000,0x00000000ffb00000,0x00000000ffb00000)
  from space 2560K, 0% used [0x00000000ffd80000,0x00000000ffd80000,0x0000000100000000)
  to   space 2560K, 0% used [0x00000000ffb00000,0x00000000ffb00000,0x00000000ffd80000)
 ParOldGen       total 44032K, used 0K [0x00000000fc000000, 0x00000000feb00000, 0x00000000feb00000)
  object space 44032K, 0% used [0x00000000fc000000,0x00000000fc000000,0x00000000feb00000)
 Metaspace       used 5767K, capacity 5984K, committed 6272K, reserved 1056768K
  class space    used 725K, capacity 800K, committed 896K, reserved 1048576K
Event: 2.786 GC heap after
Heap after GC invocations=1 (full 0):
 PSYoungGen      total 18944K, used 2536K [0x00000000feb00000, 0x0000000100000000, 0x0000000100000000)
  eden space 16384K, 0% used [0x00000000feb00000,0x00000000feb00000,0x00000000ffb00000)
  from space 2560K, 99% used [0x00000000ffb00000,0x00000000ffd7a2d8,0x00000000ffd80000)
  to   space 2560K, 0% used [0x00000000ffd80000,0x00000000ffd80000,0x0000000100000000)
 ParOldGen       total 44032K, used 108K [0x00000000fc000000, 0x00000000feb00000, 0x00000000feb00000)
  object space 44032K, 0% used [0x00000000fc000000,0x00000000fc01b018,0x00000000feb00000)
 Metaspace       used 5767K, capacity 5984K, committed 6272K, reserved 1056768K
  class space    used 725K, capacity 800K, committed 896K, reserved 1048576K
}

Deoptimization events (3 events):
Event: 1.356 Thread 0x00000000031c2800 Uncommon trap: reason=unstable_if action=reinterpret pc=0x000000000345a4f8 method=java.lang.String.startsWith(Ljava/lang/String;I)Z @ 25
Event: 2.864 Thread 0x00000000031c2800 Uncommon trap: reason=unstable_if action=reinterpret pc=0x0000000003449d80 method=java.util.regex.Matcher.reset()Ljava/util/regex/Matcher; @ 47
Event: 3.018 Thread 0x00000000031c2800 Uncommon trap: reason=unstable_if action=reinterpret pc=0x00000000034e78bc method=java.lang.String.lastIndexOf([CII[CIII)I @ 66

Classes redefined (0 events):
No events

Internal exceptions (10 events):
Event: 1.313 Thread 0x00000000031c2800 Exception <a 'java/security/PrivilegedActionException'> (0x00000000ff302b70) thrown at [C:\re\workspace\8-2-build-windows-amd64-cygwin\jdk8u211\12973\hotspot\src\share\vm\prims\jvm.cpp, line 1502]
Event: 1.315 Thread 0x00000000031c2800 Exception <a 'java/security/PrivilegedActionException'> (0x00000000ff306a80) thrown at [C:\re\workspace\8-2-build-windows-amd64-cygwin\jdk8u211\12973\hotspot\src\share\vm\prims\jvm.cpp, line 1502]
Event: 1.316 Thread 0x00000000031c2800 Exception <a 'java/security/PrivilegedActionException'> (0x00000000ff306c90) thrown at [C:\re\workspace\8-2-build-windows-amd64-cygwin\jdk8u211\12973\hotspot\src\share\vm\prims\jvm.cpp, line 1502]
Event: 2.325 Thread 0x00000000031c2800 Exception <a 'java/lang/ArrayIndexOutOfBoundsException': 100> (0x00000000ff783440) thrown at [C:\re\workspace\8-2-build-windows-amd64-cygwin\jdk8u211\12973\hotspot\src\share\vm\interpreter\interpreterRuntime.cpp, line 368]
Event: 2.364 Thread 0x00000000031c2800 Exception <a 'java/lang/ArrayIndexOutOfBoundsException': 18> (0x00000000ff784378) thrown at [C:\re\workspace\8-2-build-windows-amd64-cygwin\jdk8u211\12973\hotspot\src\share\vm\interpreter\interpreterRuntime.cpp, line 368]
Event: 2.365 Thread 0x00000000031c2800 Exception <a 'java/lang/ArrayIndexOutOfBoundsException': 40> (0x00000000ff784fa8) thrown at [C:\re\workspace\8-2-build-windows-amd64-cygwin\jdk8u211\12973\hotspot\src\share\vm\interpreter\interpreterRuntime.cpp, line 368]
Event: 2.956 Thread 0x00000000031c2800 Exception <a 'java/lang/ArrayIndexOutOfBoundsException'> (0x00000000febfa0a0) thrown at [C:\re\workspace\8-2-build-windows-amd64-cygwin\jdk8u211\12973\hotspot\src\share\vm\runtime\sharedRuntime.cpp, line 605]
Event: 2.957 Thread 0x00000000031c2800 Exception <a 'java/lang/ArrayIndexOutOfBoundsException'> (0x00000000febfaf60) thrown at [C:\re\workspace\8-2-build-windows-amd64-cygwin\jdk8u211\12973\hotspot\src\share\vm\runtime\sharedRuntime.cpp, line 605]
Event: 3.454 Thread 0x00000000031c2800 Exception <a 'java/lang/UnsatisfiedLinkError'> (0x00000000fef79cc0) thrown at [C:\re\workspace\8-2-build-windows-amd64-cygwin\jdk8u211\12973\hotspot\src\share\vm\prims\jvm.cpp, line 4091]
Event: 3.454 Thread 0x00000000031c2800 Exception <a 'java/lang/UnsatisfiedLinkError'> (0x00000000fef79cc0) thrown at [C:\re\workspace\8-2-build-windows-amd64-cygwin\jdk8u211\12973\hotspot\src\share\vm\prims\jni.cpp, line 710]

Events (10 events):
Event: 3.674 loading class org/gradle/internal/logging/console/DefaultTextArea$1
Event: 3.674 loading class org/gradle/internal/logging/console/DefaultTextArea$1 done
Event: 3.675 loading class org/gradle/internal/logging/console/StyledTextOutputBackedRenderer
Event: 3.675 loading class org/gradle/internal/logging/console/StyledTextOutputBackedRenderer done
Event: 3.677 loading class org/gradle/internal/logging/console/StyledTextOutputBackedRenderer$OutputEventTextOutputImpl
Event: 3.677 loading class org/gradle/internal/logging/console/StyledTextOutputBackedRenderer$OutputEventTextOutputImpl done
Event: 3.678 loading class org/gradle/internal/logging/text/StreamingStyledTextOutput
Event: 3.678 loading class org/gradle/internal/logging/text/StreamingStyledTextOutput done
Event: 3.681 loading class org/gradle/internal/logging/text/StreamBackedStandardOutputListener
Event: 3.681 loading class org/gradle/internal/logging/text/StreamBackedStandardOutputListener done


Dynamic libraries:
0x00007ff720680000 - 0x00007ff7206b7000 	C:\Program Files\Java\jdk1.8.0_211\bin\java.exe
0x00007ff8dda40000 - 0x00007ff8ddc30000 	C:\WINDOWS\SYSTEM32\ntdll.dll
0x00007ff8dcaf0000 - 0x00007ff8dcba2000 	C:\WINDOWS\System32\KERNEL32.DLL
0x00007ff8db4a0000 - 0x00007ff8db744000 	C:\WINDOWS\System32\KERNELBASE.dll
0x00007ff8dc970000 - 0x00007ff8dca13000 	C:\WINDOWS\System32\ADVAPI32.dll
0x00007ff8dd960000 - 0x00007ff8dd9fe000 	C:\WINDOWS\System32\msvcrt.dll
0x00007ff8dbe60000 - 0x00007ff8dbef7000 	C:\WINDOWS\System32\sechost.dll
0x00007ff8dcc10000 - 0x00007ff8dcd30000 	C:\WINDOWS\System32\RPCRT4.dll
0x00007ff8dd570000 - 0x00007ff8dd704000 	C:\WINDOWS\System32\USER32.dll
0x00007ff8db750000 - 0x00007ff8db771000 	C:\WINDOWS\System32\win32u.dll
0x00007ff8dbaf0000 - 0x00007ff8dbb16000 	C:\WINDOWS\System32\GDI32.dll
0x00007ff8db820000 - 0x00007ff8db9b5000 	C:\WINDOWS\System32\gdi32full.dll
0x00007ff8db780000 - 0x00007ff8db81e000 	C:\WINDOWS\System32\msvcp_win.dll
0x00007ff8db320000 - 0x00007ff8db41a000 	C:\WINDOWS\System32\ucrtbase.dll
0x00007ff8d1f90000 - 0x00007ff8d2214000 	C:\WINDOWS\WinSxS\amd64_microsoft.windows.common-controls_6595b64144ccf1df_6.0.18362.900_none_e6beb9d913147d17\COMCTL32.dll
0x00007ff8dbb20000 - 0x00007ff8dbe55000 	C:\WINDOWS\System32\combase.dll
0x00007ff8db9c0000 - 0x00007ff8dba40000 	C:\WINDOWS\System32\bcryptPrimitives.dll
0x00007ff8dd0d0000 - 0x00007ff8dd0fe000 	C:\WINDOWS\System32\IMM32.DLL
0x0000000065510000 - 0x00000000655e2000 	C:\Program Files\Java\jdk1.8.0_211\jre\bin\msvcr100.dll
0x0000000064c60000 - 0x0000000065505000 	C:\Program Files\Java\jdk1.8.0_211\jre\bin\server\jvm.dll
0x00007ff8dd710000 - 0x00007ff8dd718000 	C:\WINDOWS\System32\PSAPI.DLL
0x00007ff8d7600000 - 0x00007ff8d7609000 	C:\WINDOWS\SYSTEM32\WSOCK32.dll
0x00007ff8dd8f0000 - 0x00007ff8dd95f000 	C:\WINDOWS\System32\WS2_32.dll
0x00007ff8d0ff0000 - 0x00007ff8d1014000 	C:\WINDOWS\SYSTEM32\WINMM.dll
0x00007ff8d3ce0000 - 0x00007ff8d3cea000 	C:\WINDOWS\SYSTEM32\VERSION.dll
0x00007ff8d0160000 - 0x00007ff8d018d000 	C:\WINDOWS\SYSTEM32\winmmbase.dll
0x00007ff8db2a0000 - 0x00007ff8db2ea000 	C:\WINDOWS\System32\cfgmgr32.dll
0x00007ff8d75f0000 - 0x00007ff8d75ff000 	C:\Program Files\Java\jdk1.8.0_211\jre\bin\verify.dll
0x00007ff8d68d0000 - 0x00007ff8d68f9000 	C:\Program Files\Java\jdk1.8.0_211\jre\bin\java.dll
0x00007ff8c6850000 - 0x00007ff8c6866000 	C:\Program Files\Java\jdk1.8.0_211\jre\bin\zip.dll
0x00007ff8dbf00000 - 0x00007ff8dc5e6000 	C:\WINDOWS\System32\SHELL32.dll
0x00007ff8dc8c0000 - 0x00007ff8dc969000 	C:\WINDOWS\System32\shcore.dll
0x00007ff8da9d0000 - 0x00007ff8db150000 	C:\WINDOWS\System32\windows.storage.dll
0x00007ff8da9a0000 - 0x00007ff8da9c3000 	C:\WINDOWS\System32\profapi.dll
0x00007ff8da930000 - 0x00007ff8da97a000 	C:\WINDOWS\System32\powrprof.dll
0x00007ff8da900000 - 0x00007ff8da910000 	C:\WINDOWS\System32\UMPDC.dll
0x00007ff8dcbb0000 - 0x00007ff8dcc02000 	C:\WINDOWS\System32\shlwapi.dll
0x00007ff8da910000 - 0x00007ff8da921000 	C:\WINDOWS\System32\kernel.appcore.dll
0x00007ff8db420000 - 0x00007ff8db437000 	C:\WINDOWS\System32\cryptsp.dll
0x00007ff8d75d0000 - 0x00007ff8d75ea000 	C:\Program Files\Java\jdk1.8.0_211\jre\bin\net.dll
0x00007ff8cc9a0000 - 0x00007ff8ccb76000 	C:\WINDOWS\SYSTEM32\urlmon.dll
0x00007ff8d2350000 - 0x00007ff8d25f6000 	C:\WINDOWS\SYSTEM32\iertutil.dll
0x00007ff8da340000 - 0x00007ff8da34c000 	C:\WINDOWS\SYSTEM32\CRYPTBASE.DLL
0x00007ff8da170000 - 0x00007ff8da1d7000 	C:\WINDOWS\system32\mswsock.dll
0x00007ff8c6830000 - 0x00007ff8c6842000 	C:\Program Files\Java\jdk1.8.0_211\jre\bin\nio.dll
0x00007ff8c6800000 - 0x00007ff8c6826000 	C:\Users\banis\.gradle\native\30\windows-amd64\native-platform.dll
0x00007ff8d75c0000 - 0x00007ff8d75ca000 	C:\Users\banis\.gradle\native\jansi\1.18\windows64\jansi-1.18-93fa3188adb8407f81dad04d08abc8192e4e380d.dll
0x00007ff8d75b0000 - 0x00007ff8d75ba000 	C:\Users\banis\.gradle\native\jansi\1.18\windows64\jansi.dll

VM Arguments:
jvm_args: -Xmx64m -Xms64m -Dorg.gradle.appname=gradlew 
java_command: org.gradle.wrapper.GradleWrapperMain app:installDebug -PreactNativeDevServerPort=8081
java_class_path (initial): D:\MyDocument\Pemrograman\BootcampArkademy\ReactNative\ReactNativeLibrary\android\\gradle\wrapper\gradle-wrapper.jar
Launcher Type: SUN_STANDARD

Environment Variables:
JAVA_HOME=C:\Program Files\Java\jdk1.8.0_211
CLASSPATH=D:\MyDocument\Pemrograman\BootcampArkademy\ReactNative\ReactNativeLibrary\android\\gradle\wrapper\gradle-wrapper.jar
PATH=D:\MyDocument\Pemrograman\BootcampArkademy\ReactNative\ReactNativeLibrary\android\node_modules\.bin;D:\MyDocument\Pemrograman\BootcampArkademy\ReactNative\ReactNativeLibrary\node_modules\.bin;D:\MyDocument\Pemrograman\BootcampArkademy\ReactNative\node_modules\.bin;D:\MyDocument\Pemrograman\BootcampArkademy\node_modules\.bin;D:\MyDocument\Pemrograman\node_modules\.bin;D:\MyDocument\node_modules\.bin;D:\node_modules\.bin;C:\Program Files\nodejs;D:\MyDocument\Pemrograman\BootcampArkademy\ReactNative\ReactNativeLibrary\node_modules\.bin;C:\Python27\;C:\Python27\Scripts;C:\Program Files (x86)\Common Files\Intel\Shared Libraries\redist\intel64\compiler;C:\ProgramData\Oracle\java\javapath;C:\Program Files (x86)\Common Files\Intel\Shared Files\cpp\bin\Intel64;C:\WINDOWS\system32;C:\WINDOWS;C:\WINDOWS\System32\Wbem;C:\WINDOWS\System32\WindowsPowerShell\v1.0\;C:\WINDOWS\System32\OpenSSH\;C:\Program Files (x86)\Bitvise SSH Client;C:\Program Files\Git\cmd;C:\Program Files\Microsoft VS Code\bin;C:\ProgramData\chocolatey\bin;C:\Program Files\Java\jdk1.8.0_211\bin;C:\Program Files\nodejs\;C:\Users\banis\AppData\Local\Microsoft\WindowsApps;C:\Program Files\Java\jdk1.8.0_141\bin;C:\Program Files\Java\jre1.8.0_141\bin;C:\Program Files\heroku\bin;C:\Users\banis\AppData\Roaming\npm
USERNAME=banis
OS=Windows_NT
PROCESSOR_IDENTIFIER=AMD64 Family 22 Model 48 Stepping 1, AuthenticAMD



---------------  S Y S T E M  ---------------

OS: Windows 10.0 , 64 bit Build 18362 (10.0.18362.900)

CPU:total 4 (initial active 4) (4 cores per cpu, 1 threads per core) family 22 model 48 stepping 1, cmov, cx8, fxsr, mmx, sse, sse2, sse3, ssse3, sse4.1, sse4.2, popcnt, avx, aes, clmul, mmxext, 3dnowpref, lzcnt, sse4a, tsc, tscinvbit, tscinv, bmi1

Memory: 4k page, physical 7299340k(1959648k free), swap 7299340k(62576k free)

vm_info: Java HotSpot(TM) 64-Bit Server VM (25.211-b12) for windows-amd64 JRE (1.8.0_211-b12), built on Apr  1 2019 20:53:26 by "java_re" with MS VC++ 10.0 (VS2010)

time: Wed Jul 01 08:43:02 2020
timezone: SE Asia Standard Time
elapsed time: 3 seconds (0d 0h 0m 3s)

